Processing file 0/1: ../../corona-networks/results/trees/blocks/binary-treechild-semitemp/blocks_B_supp90_binary.tree
Reduce to 1 instances
trying 0
trying 1
trying 2
trying 3
Took 0.0018931 seconds
No solution

Processing file 0/1: ../../corona-networks/results/trees/blocks/binary-treechild-semitemp/blocks_B_supp90_binary.tree
Reduce to 1 instances

maxTemporalDistance=0

trying 0
trying 1
trying 2
trying 3
trying 4
trying 5
trying 6

maxTemporalDistance=1

trying 0
trying 1
trying 2
trying 3
trying 4
trying 5
trying 6
trying 7

maxTemporalDistance=2

trying 0
trying 1
trying 2
trying 3
trying 4
trying 5
trying 6
trying 7
trying 8

maxTemporalDistance=3

trying 0
trying 1
trying 2
trying 3
trying 4
trying 5
trying 6
trying 7
Final solution: 
 (MN996532_Bat_RaTG13,MN908947_Wuhan_Hu_1) ->  (MN908947_Wuhan_Hu_1,MG772933_isolate_bat_SL_CoVZC45) ->  (MN908947_Wuhan_Hu_1,MT121216_Pangolin_MP789) ->  (MT121216_Pangolin_MP789,MG772933_isolate_bat_SL_CoVZC45) ->  (MT121216_Pangolin_MP789,MT040334_PCoV_GX_P1E) ->  (NC_004718,DQ412042_Rf1) ->  (MG772933_isolate_bat_SL_CoVZC45,DQ022305_HKU3_1) ->  (DQ412043_Rm1,DQ022305_HKU3_1) ->  (DQ412043_Rm1,DQ412042_Rf1) ->  (DQ022305_HKU3_1,DQ412042_Rf1) ->  (NC_004718,DQ412042_Rf1) ->  (DQ022305_HKU3_1,DQ412042_Rf1) ->  (MG772933_isolate_bat_SL_CoVZC45,DQ412042_Rf1) ->  (MG772933_isolate_bat_SL_CoVZC45,MT040334_PCoV_GX_P1E) ->  (DQ412042_Rf1,MT040334_PCoV_GX_P1E) -> 
Took 2.90454 seconds
Solution found for k=7 and p=3
