Processing file 0/1: ../../corona-networks/results/trees/blocks/binary-treechild-semitemp/blocks_B_len0.01_binary.tree
Reduce to 1 instances
trying 0
trying 1
Took 0.000622701 seconds
No solution

Processing file 0/1: ../../corona-networks/results/trees/blocks/binary-treechild-semitemp/blocks_B_len0.01_binary.tree
Reduce to 1 instances

maxTemporalDistance=0

trying 0
trying 1

maxTemporalDistance=1

trying 0
trying 1
trying 2
trying 3
trying 4
trying 5
trying 6

maxTemporalDistance=2

trying 0
trying 1
trying 2
trying 3
trying 4
trying 5
trying 6
trying 7
trying 8
trying 9
trying 10

maxTemporalDistance=3

trying 0
trying 1
trying 2
trying 3
trying 4
trying 5
trying 6
trying 7
trying 8
trying 9
trying 10
trying 11

maxTemporalDistance=4

trying 0
trying 1
trying 2
trying 3
trying 4
trying 5
trying 6
trying 7
trying 8
trying 9
trying 10
trying 11
trying 12

maxTemporalDistance=5

trying 0
trying 1
trying 2
trying 3
trying 4
trying 5
trying 6
trying 7
trying 8
Final solution: 
 (MN996532_Bat_RaTG13,MN908947_Wuhan_Hu_1) ->  (NC_004718,DQ412042_Rf1) ->  (MG772933_isolate_bat_SL_CoVZC45,DQ022305_HKU3_1) ->  (DQ412043_Rm1,DQ022305_HKU3_1) ->  (DQ412043_Rm1,DQ412042_Rf1) ->  (DQ022305_HKU3_1,DQ412042_Rf1) ->  (NC_004718,DQ412042_Rf1) ->  (DQ022305_HKU3_1,DQ412042_Rf1) ->  (MG772933_isolate_bat_SL_CoVZC45,MN908947_Wuhan_Hu_1) ->  (MT121216_Pangolin_MP789,MN908947_Wuhan_Hu_1) ->  (MT121216_Pangolin_MP789,MT040334_PCoV_GX_P1E) ->  (MG772933_isolate_bat_SL_CoVZC45,MN908947_Wuhan_Hu_1) ->  (MT040334_PCoV_GX_P1E,MN908947_Wuhan_Hu_1) ->  (MG772933_isolate_bat_SL_CoVZC45,DQ412042_Rf1) ->  (MG772933_isolate_bat_SL_CoVZC45,MN908947_Wuhan_Hu_1) ->  (DQ412042_Rf1,MN908947_Wuhan_Hu_1) -> 
Took 156.442 seconds
Solution found for k=8 and p=5
