Processing file 0/1: ../../corona-networks/results/trees/blocks/binary-treechild-semitemp/blocks_Aminus_supp90_binary.tree
Reduce to 1 instances
trying 0
trying 1
trying 2
Took 0.00131303 seconds
No solution

Processing file 0/1: ../../corona-networks/results/trees/blocks/binary-treechild-semitemp/blocks_Aminus_supp90_binary.tree
Reduce to 1 instances

maxTemporalDistance=0

trying 0
trying 1
trying 2
trying 3
trying 4

maxTemporalDistance=1

trying 0
trying 1
trying 2
trying 3
trying 4
trying 5

maxTemporalDistance=2

trying 0
trying 1
trying 2
trying 3
trying 4
trying 5
trying 6

maxTemporalDistance=3

trying 0
trying 1
trying 2
trying 3
trying 4
trying 5
trying 6
Final solution: 
 (MN996532_Bat_RaTG13,MN908947_Wuhan_Hu_1) ->  (MN908947_Wuhan_Hu_1,MT121216_Pangolin_MP789) ->  (MT121216_Pangolin_MP789,MT040334_PCoV_GX_P1E) ->  (NC_004718,KJ473816_BtRs_BetaCoV_YN2013) ->  (NC_004718,KP886808_YNLF_31C) ->  (DQ412042_Rf1,DQ412043_Rm1) ->  (DQ022305_HKU3_1,DQ412043_Rm1) ->  (DQ412042_Rf1,KP886808_YNLF_31C) ->  (KJ473816_BtRs_BetaCoV_YN2013,JX993988_Cp_Yunnan2011) ->  (KJ473816_BtRs_BetaCoV_YN2013,KP886808_YNLF_31C) ->  (KP886808_YNLF_31C,DQ412043_Rm1) ->  (KP886808_YNLF_31C,JX993988_Cp_Yunnan2011) ->  (DQ412043_Rm1,JX993988_Cp_Yunnan2011) ->  (DQ022305_HKU3_1,JX993988_Cp_Yunnan2011) ->  (DQ412042_Rf1,JX993988_Cp_Yunnan2011) ->  (JX993988_Cp_Yunnan2011,MT040334_PCoV_GX_P1E) -> 
Took 0.856875 seconds
Solution found for k=6 and p=3
