Processing file 0/1: ../../corona-networks/results/trees/blocks/binary-treechild-semitemp/blocks_C_supp70_binary.tree
Reduce to 1 instances
trying 0
trying 1
trying 2
trying 3
trying 4
Final solution: 
 DQ022305_HKU3_1 ->  MN908947_Wuhan_Hu_1 ->  MT121216_Pangolin_MP789 ->  MG772933_isolate_bat_SL_CoVZC45 -> 
Took 0.00279888 seconds
Solution found for k=4 and p=0

Processing file 0/1: ../../corona-networks/results/trees/blocks/binary-treechild-semitemp/blocks_C_supp70_binary.tree
Reduce to 1 instances

maxTemporalDistance=0

trying 0
trying 1
trying 2
trying 3
trying 4
Final solution: 
 (MN996532_Bat_RaTG13,MN908947_Wuhan_Hu_1) ->  (DQ022305_HKU3_1,NC_004718) ->  (DQ022305_HKU3_1,MG772933_isolate_bat_SL_CoVZC45) ->  (MN908947_Wuhan_Hu_1,MG772933_isolate_bat_SL_CoVZC45) ->  (MN908947_Wuhan_Hu_1,MT121216_Pangolin_MP789) ->  (MT121216_Pangolin_MP789,MG772933_isolate_bat_SL_CoVZC45) ->  (MT121216_Pangolin_MP789,MT040334_PCoV_GX_P1E) ->  (MG772933_isolate_bat_SL_CoVZC45,MT040334_PCoV_GX_P1E) ->  (MG772933_isolate_bat_SL_CoVZC45,NC_004718) ->  (NC_004718,MT040334_PCoV_GX_P1E) -> 
Took 0.00222817 seconds
Solution found for k=4 and p=0
