Processing file 0/1: ../../corona-networks/results/trees/genes/binary-treechild-semitemp/genes_C_len0.01_binary.tree
Reduce to 1 instances
trying 0
trying 1
Took 0.000491217 seconds
No solution

Processing file 0/1: ../../corona-networks/results/trees/genes/binary-treechild-semitemp/genes_C_len0.01_binary.tree
Reduce to 1 instances

maxTemporalDistance=0

trying 0
trying 1

maxTemporalDistance=1

trying 0
trying 1
trying 2

maxTemporalDistance=2

trying 0
trying 1
trying 2
trying 3

maxTemporalDistance=3

trying 0
trying 1
trying 2
trying 3
trying 4
trying 5
trying 6
trying 7
trying 8

maxTemporalDistance=4

trying 0
trying 1
trying 2
trying 3
trying 4
trying 5
trying 6
trying 7
trying 8
trying 9
trying 10

maxTemporalDistance=5

trying 0
trying 1
trying 2
trying 3
trying 4
trying 5
trying 6
trying 7
trying 8
trying 9
trying 10
trying 11

maxTemporalDistance=6

trying 0
trying 1
trying 2
trying 3
trying 4
trying 5
trying 6
trying 7
trying 8
Final solution: 
 (DQ022305_HKU3_1,NC_004718) ->  (DQ022305_HKU3_1,MG772933_isolate_bat_SL_CoVZC45) ->  (MG772933_isolate_bat_SL_CoVZC45,MN908947_Wuhan_Hu_1) ->  (MG772933_isolate_bat_SL_CoVZC45,MN996532_Bat_RaTG13) ->  (MN908947_Wuhan_Hu_1,MN996532_Bat_RaTG13) ->  (MG772933_isolate_bat_SL_CoVZC45,MN996532_Bat_RaTG13) ->  (MT121216_Pangolin_MP789,MT040334_PCoV_GX_P1E) ->  (MT121216_Pangolin_MP789,MN996532_Bat_RaTG13) ->  (MG772933_isolate_bat_SL_CoVZC45,MN996532_Bat_RaTG13) ->  (MT040334_PCoV_GX_P1E,MN996532_Bat_RaTG13) ->  (MG772933_isolate_bat_SL_CoVZC45,MN996532_Bat_RaTG13) ->  (MG772933_isolate_bat_SL_CoVZC45,NC_004718) ->  (DQ022305_HKU3_1,NC_004718) ->  (NC_004718,MN996532_Bat_RaTG13) -> 
Took 131.016 seconds
Solution found for k=8 and p=6
