Processing file 0/1: ../../corona-networks/results/trees/genes/binary-treechild-semitemp/genes_Bminus_nolabels.tree
Reduce to 1 instances
trying 0
trying 1
Took 0.00166036 seconds
No solution

Processing file 0/1: ../../corona-networks/results/trees/genes/binary-treechild-semitemp/genes_Bminus_nolabels.tree
Reduce to 1 instances

maxTemporalDistance=0

trying 0
trying 1

maxTemporalDistance=1

trying 0
trying 1
trying 2

maxTemporalDistance=2

trying 0
trying 1
trying 2
trying 3

maxTemporalDistance=3

trying 0
trying 1
trying 2
trying 3
trying 4

maxTemporalDistance=4

trying 0
trying 1
trying 2
trying 3
trying 4
trying 5

maxTemporalDistance=5

trying 0
trying 1
trying 2
trying 3
trying 4
trying 5
trying 6

maxTemporalDistance=6

trying 0
trying 1
trying 2
trying 3
trying 4
trying 5
trying 6
trying 7

maxTemporalDistance=7

trying 0
trying 1
trying 2
trying 3
trying 4
trying 5
trying 6
trying 7
Final solution: 
 (MN908947_Wuhan_Hu_1,MN996532_Bat_RaTG13) ->  (MT121216_Pangolin_MP789,MN996532_Bat_RaTG13) ->  (MT040334_PCoV_GX_P1E,MN996532_Bat_RaTG13) ->  (NC_004718,DQ022305_HKU3_1) ->  (NC_004718,DQ412042_Rf1) ->  (NC_004718,DQ412043_Rm1) ->  (DQ022305_HKU3_1,DQ412042_Rf1) ->  (DQ022305_HKU3_1,DQ412043_Rm1) ->  (NC_004718,DQ412043_Rm1) ->  (DQ412042_Rf1,DQ412043_Rm1) ->  (NC_004718,DQ412043_Rm1) ->  (DQ022305_HKU3_1,DQ412043_Rm1) ->  (NC_004718,DQ412043_Rm1) ->  (MN996532_Bat_RaTG13,DQ412043_Rm1) -> 
Took 11.3679 seconds
Solution found for k=7 and p=7
